<?xml version="1.0" encoding="UTF-8"?>
<!-- Generated by org.testng.reporters.JUnitReportReporter -->
<testsuite hostname="LAPTOP-DK6TK74Q" failures="0" tests="1" name="com.crm.vtiger.CreateContactWithOrganisation01_Test1" time="34.812" errors="0" timestamp="2021-05-04T23:32:37 IST" skipped="0">
  <testcase classname="com.crm.vtiger.CreateContactWithOrganisation01_Test1" name="createContactWithOrganisationTest1" time="34.812"/>
  <system-out/>
</testsuite> <!-- com.crm.vtiger.CreateContactWithOrganisation01_Test1 -->
