<?xml version="1.0" encoding="UTF-8"?>
<!-- Generated by org.testng.reporters.JUnitReportReporter -->
<testsuite hostname="LAPTOP-DK6TK74Q" failures="0" tests="1" name="com.crm.vtiger.testcases.TC_7_createNewLeadBySelectingDifferentIndustryFromDropDown_Test" time="39.769" errors="0" timestamp="2021-04-29T16:55:22 IST" skipped="0">
  <testcase classname="com.crm.vtiger.testcases.TC_7_createNewLeadBySelectingDifferentIndustryFromDropDown_Test" name="createNewLeadBySelectingDifferentIndustryFromDropDown" time="39.769"/>
  <system-out/>
</testsuite> <!-- com.crm.vtiger.testcases.TC_7_createNewLeadBySelectingDifferentIndustryFromDropDown_Test -->
