<?xml version="1.0" encoding="UTF-8"?>
<!-- Generated by org.testng.reporters.JUnitReportReporter -->
<testsuite hostname="LAPTOP-DK6TK74Q" failures="0" tests="1" name="com.crm.vtiger.CreateContactWithOrganisationTest1" time="37.332" errors="0" timestamp="2021-04-29T12:42:01 IST" skipped="0">
  <testcase classname="com.crm.vtiger.CreateContactWithOrganisationTest1" name="createContactWithOrganisationTest1" time="37.332"/>
  <system-out/>
</testsuite> <!-- com.crm.vtiger.CreateContactWithOrganisationTest1 -->
