<?xml version="1.0" encoding="UTF-8"?>
<!-- Generated by org.testng.reporters.JUnitReportReporter -->
<testsuite hostname="LAPTOP-DK6TK74Q" failures="0" tests="1" name="practice.ddt.CreateDynamicTable4" time="20.232" errors="0" timestamp="2021-04-27T23:47:23 IST" skipped="0">
  <testcase classname="practice.ddt.CreateDynamicTable4" name="deleteRow" time="20.232"/>
  <system-out/>
</testsuite> <!-- practice.ddt.CreateDynamicTable4 -->
