<?xml version="1.0" encoding="UTF-8"?>
<!-- Generated by org.testng.reporters.JUnitReportReporter -->
<testsuite hostname="LAPTOP-DK6TK74Q" failures="0" tests="1" name="com.crm.vtiger.CreateOrganisationWithIndustry01_Test" time="69.473" errors="0" timestamp="2021-05-04T23:24:31 IST" skipped="0">
  <testcase classname="com.crm.vtiger.CreateOrganisationWithIndustry01_Test" name="createOrganisationWithIndustryTest1" time="69.473"/>
  <system-out/>
</testsuite> <!-- com.crm.vtiger.CreateOrganisationWithIndustry01_Test -->
