<?xml version="1.0" encoding="UTF-8"?>
<!-- Generated by org.testng.reporters.JUnitReportReporter -->
<testsuite hostname="LAPTOP-DK6TK74Q" failures="0" tests="1" name="com.crm.vtiger.testcases.TC_2_creatNewLeadbByfillAllTheFieldsAndSave_Test" time="30.639" errors="0" timestamp="2021-05-06T00:35:55 IST" skipped="0">
  <testcase classname="com.crm.vtiger.testcases.TC_2_creatNewLeadbByfillAllTheFieldsAndSave_Test" name="creatNewLeadbByfillAllTheFieldsAndSave" time="30.639"/>
  <system-out/>
</testsuite> <!-- com.crm.vtiger.testcases.TC_2_creatNewLeadbByfillAllTheFieldsAndSave_Test -->
