<?xml version="1.0" encoding="UTF-8"?>
<!-- Generated by org.testng.reporters.JUnitReportReporter -->
<testsuite hostname="LAPTOP-DK6TK74Q" failures="0" tests="2" name="practice.ddt.DataDrivenTest" time="0.017" errors="0" timestamp="2021-05-03T22:46:02 IST" skipped="0">
  <testcase classname="practice.ddt.DataDrivenTest" name="test" time="0.014"/>
  <system-out/>
  <testcase classname="practice.ddt.DataDrivenTest" name="test" time="0.003"/>
  <system-out/>
</testsuite> <!-- practice.ddt.DataDrivenTest -->
