<?xml version="1.0" encoding="UTF-8"?>
<!-- Generated by org.testng.reporters.JUnitReportReporter -->
<testsuite hostname="LAPTOP-DK6TK74Q" failures="0" tests="1" name="com.crm.vtiger.CreateOrganisation01_Test" time="29.298" errors="0" timestamp="2021-05-05T01:15:23 IST" skipped="0">
  <testcase classname="com.crm.vtiger.CreateOrganisation01_Test" name="createOrganisation01_Test" time="29.298"/>
  <system-out>
Organization Page found Click on create organisation Create organisation with organisation name Click on save The expected data is :[ ACC36 ] Test Yantra571 - Organization Information  </system-out>
</testsuite> <!-- com.crm.vtiger.CreateOrganisation01_Test -->
