<?xml version="1.0" encoding="UTF-8"?>
<!-- Generated by org.testng.reporters.JUnitReportReporter -->
<testsuite hostname="LAPTOP-DK6TK74Q" failures="0" tests="1" name="practice.ddt.CreateDynamicWebTable" time="36.609" errors="0" timestamp="2021-04-27T12:37:41 IST" skipped="0">
  <testcase classname="practice.ddt.CreateDynamicWebTable" name="captureOrgName" time="36.609"/>
  <system-out/>
</testsuite> <!-- practice.ddt.CreateDynamicWebTable -->
