<?xml version="1.0" encoding="UTF-8"?>
<!-- Generated by org.testng.reporters.JUnitReportReporter -->
<testsuite hostname="LAPTOP-DK6TK74Q" failures="0" tests="1" name="com.crm.vtiger.testcases.TC_6_createNewLeadBySelectingDifferrentLeadSourceFromDropDown_Test" time="47.093" errors="0" timestamp="2021-04-29T16:14:05 IST" skipped="0">
  <testcase classname="com.crm.vtiger.testcases.TC_6_createNewLeadBySelectingDifferrentLeadSourceFromDropDown_Test" name="createNewLeadBySelectingDifferrentLeadSourceFromDropDown" time="47.093"/>
  <system-out/>
</testsuite> <!-- com.crm.vtiger.testcases.TC_6_createNewLeadBySelectingDifferrentLeadSourceFromDropDown_Test -->
