<?xml version="1.0" encoding="UTF-8"?>
<!-- Generated by org.testng.reporters.JUnitReportReporter -->
<testsuite hostname="LAPTOP-DK6TK74Q" failures="0" tests="1" name="practice.ddt.DatabaseUtils" time="1.528" errors="0" timestamp="2021-04-27T00:01:45 IST" skipped="0">
  <testcase classname="practice.ddt.DatabaseUtils" name="getExecuteUpdate" time="1.528"/>
  <system-out/>
</testsuite> <!-- practice.ddt.DatabaseUtils -->
