<?xml version="1.0" encoding="UTF-8"?>
<!-- Generated by org.testng.reporters.JUnitReportReporter -->
<testsuite hostname="LAPTOP-DK6TK74Q" failures="0" tests="1" name="com.crm.vtiger.testcases.TC_1_NavigateToLeadPage_Test" time="49.188" errors="0" timestamp="2021-04-29T15:38:00 IST" skipped="0">
  <testcase classname="com.crm.vtiger.testcases.TC_1_NavigateToLeadPage_Test" name="navigateToLeadPage" time="49.188"/>
  <system-out/>
</testsuite> <!-- com.crm.vtiger.testcases.TC_1_NavigateToLeadPage_Test -->
