<?xml version="1.0" encoding="UTF-8"?>
<!-- Generated by org.testng.reporters.JUnitReportReporter -->
<testsuite hostname="LAPTOP-DK6TK74Q" failures="0" tests="1" name="practice.ddt.CreateCustomerTest" time="0.014" errors="0" timestamp="2021-04-23T23:00:35 IST" skipped="0">
  <testcase classname="practice.ddt.CreateCustomerTest" name="createCustomerTest" time="0.014"/>
  <system-out/>
</testsuite> <!-- practice.ddt.CreateCustomerTest -->
