<?xml version="1.0" encoding="UTF-8"?>
<!-- Generated by org.testng.reporters.JUnitReportReporter -->
<testsuite hostname="LAPTOP-DK6TK74Q" failures="0" tests="1" name="com.crm.vtiger.CreateOrganisationWithIndustryTest" time="32.197" errors="0" timestamp="2021-04-28T11:57:27 IST" skipped="0">
  <testcase classname="com.crm.vtiger.CreateOrganisationWithIndustryTest" name="createOrganisationWithIndustry" time="32.197"/>
  <system-out/>
</testsuite> <!-- com.crm.vtiger.CreateOrganisationWithIndustryTest -->
