<?xml version="1.0" encoding="UTF-8"?>
<!-- Generated by org.testng.reporters.JUnitReportReporter -->
<testsuite hostname="LAPTOP-DK6TK74Q" failures="0" tests="1" name="practice.ddt.CreateDynamicTable3" time="27.268" errors="0" timestamp="2021-04-27T22:02:12 IST" skipped="0">
  <testcase classname="practice.ddt.CreateDynamicTable3" name="compareData" time="27.268"/>
  <system-out/>
</testsuite> <!-- practice.ddt.CreateDynamicTable3 -->
