<?xml version="1.0" encoding="UTF-8"?>
<!-- Generated by org.testng.reporters.JUnitReportReporter -->
<testsuite hostname="LAPTOP-DK6TK74Q" failures="0" tests="1" name="practice.ddt.GetData" time="1.748" errors="0" timestamp="2021-05-03T22:46:38 IST" skipped="0">
  <testcase classname="practice.ddt.GetData" name="getData" time="1.748"/>
  <system-out/>
</testsuite> <!-- practice.ddt.GetData -->
