<?xml version="1.0" encoding="UTF-8"?>
<!-- Generated by org.testng.reporters.JUnitReportReporter -->
<testsuite hostname="LAPTOP-DK6TK74Q" failures="0" tests="1" name="practice.ddt.ReadDataFromPropertiesFile" time="0.016" errors="0" timestamp="2021-04-23T13:02:15 IST" skipped="0">
  <testcase classname="practice.ddt.ReadDataFromPropertiesFile" name="readDataTest" time="0.016"/>
  <system-out/>
</testsuite> <!-- practice.ddt.ReadDataFromPropertiesFile -->
