<?xml version="1.0" encoding="UTF-8"?>
<!-- Generated by org.testng.reporters.JUnitReportReporter -->
<testsuite hostname="LAPTOP-DK6TK74Q" failures="0" tests="1" name="com.crm.vtiger.testcases.TC_8_createNewLeadBySelectingLeadStatusFromDropDown_Test" time="43.512" errors="0" timestamp="2021-04-29T17:03:26 IST" skipped="0">
  <testcase classname="com.crm.vtiger.testcases.TC_8_createNewLeadBySelectingLeadStatusFromDropDown_Test" name="createNewLeadBySelectingLeadStatusFromDropDown" time="43.512"/>
  <system-out/>
</testsuite> <!-- com.crm.vtiger.testcases.TC_8_createNewLeadBySelectingLeadStatusFromDropDown_Test -->
