<?xml version="1.0" encoding="UTF-8"?>
<!-- Generated by org.testng.reporters.JUnitReportReporter -->
<testsuite hostname="LAPTOP-DK6TK74Q" failures="0" tests="1" name="practice.ddt.CreateDynamicWebTable2" time="23.074" errors="0" timestamp="2021-04-27T14:19:21 IST" skipped="0">
  <testcase classname="practice.ddt.CreateDynamicWebTable2" name="clickOnLastCheckbox" time="23.074"/>
  <system-out/>
</testsuite> <!-- practice.ddt.CreateDynamicWebTable2 -->
